c:\users\khamm\source\repos\snakesandladder\quicksdl\debug\vc142.pdb
c:\users\khamm\source\repos\snakesandladder\quicksdl\debug\vc142.idb
c:\users\khamm\source\repos\snakesandladder\quicksdl\debug\timer.obj
c:\users\khamm\source\repos\snakesandladder\quicksdl\debug\texture.obj
c:\users\khamm\source\repos\snakesandladder\quicksdl\debug\startscreen.obj
c:\users\khamm\source\repos\snakesandladder\quicksdl\debug\screenmanager.obj
c:\users\khamm\source\repos\snakesandladder\quicksdl\debug\scoreboard.obj
c:\users\khamm\source\repos\snakesandladder\quicksdl\debug\playsidebar.obj
c:\users\khamm\source\repos\snakesandladder\quicksdl\debug\playscreen.obj
c:\users\khamm\source\repos\snakesandladder\quicksdl\debug\main.obj
c:\users\khamm\source\repos\snakesandladder\quicksdl\debug\inputmanager.obj
c:\users\khamm\source\repos\snakesandladder\quicksdl\debug\howtoplay.obj
c:\users\khamm\source\repos\snakesandladder\quicksdl\debug\graphics.obj
c:\users\khamm\source\repos\snakesandladder\quicksdl\debug\gamemanager.obj
c:\users\khamm\source\repos\snakesandladder\quicksdl\debug\gameentity.obj
c:\users\khamm\source\repos\snakesandladder\quicksdl\debug\board.obj
c:\users\khamm\source\repos\snakesandladder\quicksdl\debug\audiomanager.obj
c:\users\khamm\source\repos\snakesandladder\quicksdl\debug\assetmanager.obj
c:\users\khamm\source\repos\snakesandladder\quicksdl\debug\animatedtexture.obj
c:\users\khamm\source\repos\snakesandladder\debug\snakesandladder.exe
c:\users\khamm\source\repos\snakesandladder\debug\snakesandladder.ilk
c:\users\khamm\source\repos\snakesandladder\debug\snakesandladder.pdb
c:\users\khamm\source\repos\snakesandladder\quicksdl\debug\board.new.obj.enc
c:\users\khamm\source\repos\snakesandladder\quicksdl\debug\snakesandladder.tlog\cl.command.1.tlog
c:\users\khamm\source\repos\snakesandladder\quicksdl\debug\snakesandladder.tlog\cl.read.1.tlog
c:\users\khamm\source\repos\snakesandladder\quicksdl\debug\snakesandladder.tlog\cl.write.1.tlog
c:\users\khamm\source\repos\snakesandladder\quicksdl\debug\snakesandladder.tlog\link.command.1.tlog
c:\users\khamm\source\repos\snakesandladder\quicksdl\debug\snakesandladder.tlog\link.read.1.tlog
c:\users\khamm\source\repos\snakesandladder\quicksdl\debug\snakesandladder.tlog\link.write.1.tlog
